/home/user1/ROS2_Workspace/higgsros_ws/src/install/higgsr_ros/lib/python3.10/site-packages/higgsr_ros/__init__.py
/home/user1/ROS2_Workspace/higgsros_ws/src/install/higgsr_ros/lib/python3.10/site-packages/higgsr_ros/core/utils.py
/home/user1/ROS2_Workspace/higgsros_ws/src/install/higgsr_ros/lib/python3.10/site-packages/higgsr_ros/core/__init__.py
/home/user1/ROS2_Workspace/higgsros_ws/src/install/higgsr_ros/lib/python3.10/site-packages/higgsr_ros/core/registration.py
/home/user1/ROS2_Workspace/higgsros_ws/src/install/higgsr_ros/lib/python3.10/site-packages/higgsr_ros/core/feature_extraction.py
/home/user1/ROS2_Workspace/higgsros_ws/src/install/higgsr_ros/lib/python3.10/site-packages/higgsr_ros/utils/ros_utils.py
/home/user1/ROS2_Workspace/higgsros_ws/src/install/higgsr_ros/lib/python3.10/site-packages/higgsr_ros/utils/__init__.py
/home/user1/ROS2_Workspace/higgsros_ws/src/install/higgsr_ros/lib/python3.10/site-packages/higgsr_ros/nodes/lidar_client_node.py
/home/user1/ROS2_Workspace/higgsros_ws/src/install/higgsr_ros/lib/python3.10/site-packages/higgsr_ros/nodes/file_processor_node.py
/home/user1/ROS2_Workspace/higgsros_ws/src/install/higgsr_ros/lib/python3.10/site-packages/higgsr_ros/nodes/file_processor_client_node.py
/home/user1/ROS2_Workspace/higgsros_ws/src/install/higgsr_ros/lib/python3.10/site-packages/higgsr_ros/nodes/__init__.py
/home/user1/ROS2_Workspace/higgsros_ws/src/install/higgsr_ros/lib/python3.10/site-packages/higgsr_ros/nodes/higgsr_server_node.py
/home/user1/ROS2_Workspace/higgsros_ws/src/install/higgsr_ros/lib/python3.10/site-packages/higgsr_ros/visualization/visualization.py
/home/user1/ROS2_Workspace/higgsros_ws/src/install/higgsr_ros/lib/python3.10/site-packages/higgsr_ros/visualization/__init__.py
/home/user1/ROS2_Workspace/higgsros_ws/src/install/higgsr_ros/lib/python3.10/site-packages/higgsr_ros/visualization/visualization_node.py
/home/user1/ROS2_Workspace/higgsros_ws/src/install/higgsr_ros/lib/python3.10/site-packages/higgsr_ros/scripts/test_rviz_visualization.py
/home/user1/ROS2_Workspace/higgsros_ws/src/install/higgsr_ros/lib/python3.10/site-packages/higgsr_ros/scripts/__init__.py
/home/user1/ROS2_Workspace/higgsros_ws/src/install/higgsr_ros/lib/python3.10/site-packages/higgsr_ros/scripts/test_higgsr_system.py
/home/user1/ROS2_Workspace/higgsros_ws/src/install/higgsr_ros/lib/python3.10/site-packages/higgsr_ros/__pycache__/__init__.cpython-310.pyc
/home/user1/ROS2_Workspace/higgsros_ws/src/install/higgsr_ros/lib/python3.10/site-packages/higgsr_ros/core/__pycache__/utils.cpython-310.pyc
/home/user1/ROS2_Workspace/higgsros_ws/src/install/higgsr_ros/lib/python3.10/site-packages/higgsr_ros/core/__pycache__/__init__.cpython-310.pyc
/home/user1/ROS2_Workspace/higgsros_ws/src/install/higgsr_ros/lib/python3.10/site-packages/higgsr_ros/core/__pycache__/registration.cpython-310.pyc
/home/user1/ROS2_Workspace/higgsros_ws/src/install/higgsr_ros/lib/python3.10/site-packages/higgsr_ros/core/__pycache__/feature_extraction.cpython-310.pyc
/home/user1/ROS2_Workspace/higgsros_ws/src/install/higgsr_ros/lib/python3.10/site-packages/higgsr_ros/utils/__pycache__/ros_utils.cpython-310.pyc
/home/user1/ROS2_Workspace/higgsros_ws/src/install/higgsr_ros/lib/python3.10/site-packages/higgsr_ros/utils/__pycache__/__init__.cpython-310.pyc
/home/user1/ROS2_Workspace/higgsros_ws/src/install/higgsr_ros/lib/python3.10/site-packages/higgsr_ros/nodes/__pycache__/lidar_client_node.cpython-310.pyc
/home/user1/ROS2_Workspace/higgsros_ws/src/install/higgsr_ros/lib/python3.10/site-packages/higgsr_ros/nodes/__pycache__/file_processor_node.cpython-310.pyc
/home/user1/ROS2_Workspace/higgsros_ws/src/install/higgsr_ros/lib/python3.10/site-packages/higgsr_ros/nodes/__pycache__/file_processor_client_node.cpython-310.pyc
/home/user1/ROS2_Workspace/higgsros_ws/src/install/higgsr_ros/lib/python3.10/site-packages/higgsr_ros/nodes/__pycache__/__init__.cpython-310.pyc
/home/user1/ROS2_Workspace/higgsros_ws/src/install/higgsr_ros/lib/python3.10/site-packages/higgsr_ros/nodes/__pycache__/higgsr_server_node.cpython-310.pyc
/home/user1/ROS2_Workspace/higgsros_ws/src/install/higgsr_ros/lib/python3.10/site-packages/higgsr_ros/visualization/__pycache__/visualization.cpython-310.pyc
/home/user1/ROS2_Workspace/higgsros_ws/src/install/higgsr_ros/lib/python3.10/site-packages/higgsr_ros/visualization/__pycache__/__init__.cpython-310.pyc
/home/user1/ROS2_Workspace/higgsros_ws/src/install/higgsr_ros/lib/python3.10/site-packages/higgsr_ros/visualization/__pycache__/visualization_node.cpython-310.pyc
/home/user1/ROS2_Workspace/higgsros_ws/src/install/higgsr_ros/lib/python3.10/site-packages/higgsr_ros/scripts/__pycache__/test_rviz_visualization.cpython-310.pyc
/home/user1/ROS2_Workspace/higgsros_ws/src/install/higgsr_ros/lib/python3.10/site-packages/higgsr_ros/scripts/__pycache__/__init__.cpython-310.pyc
/home/user1/ROS2_Workspace/higgsros_ws/src/install/higgsr_ros/lib/python3.10/site-packages/higgsr_ros/scripts/__pycache__/test_higgsr_system.cpython-310.pyc
/home/user1/ROS2_Workspace/higgsros_ws/src/install/higgsr_ros/share/ament_index/resource_index/packages/higgsr_ros
/home/user1/ROS2_Workspace/higgsros_ws/src/install/higgsr_ros/share/higgsr_ros/package.xml
/home/user1/ROS2_Workspace/higgsros_ws/src/install/higgsr_ros/share/higgsr_ros/config
/home/user1/ROS2_Workspace/higgsros_ws/src/install/higgsr_ros/share/higgsr_ros/config/visualization_config.yaml
/home/user1/ROS2_Workspace/higgsros_ws/src/install/higgsr_ros/share/higgsr_ros/config/higgsr_server_config.yaml
/home/user1/ROS2_Workspace/higgsros_ws/src/install/higgsr_ros/share/higgsr_ros/config/file_processor_config.yaml
/home/user1/ROS2_Workspace/higgsros_ws/src/install/higgsr_ros/share/higgsr_ros/config/lidar_client_config.yaml
/home/user1/ROS2_Workspace/higgsros_ws/src/install/higgsr_ros/lib/python3.10/site-packages/higgsr_ros-0.2.0-py3.10.egg-info/top_level.txt
/home/user1/ROS2_Workspace/higgsros_ws/src/install/higgsr_ros/lib/python3.10/site-packages/higgsr_ros-0.2.0-py3.10.egg-info/SOURCES.txt
/home/user1/ROS2_Workspace/higgsros_ws/src/install/higgsr_ros/lib/python3.10/site-packages/higgsr_ros-0.2.0-py3.10.egg-info/zip-safe
/home/user1/ROS2_Workspace/higgsros_ws/src/install/higgsr_ros/lib/python3.10/site-packages/higgsr_ros-0.2.0-py3.10.egg-info/requires.txt
/home/user1/ROS2_Workspace/higgsros_ws/src/install/higgsr_ros/lib/python3.10/site-packages/higgsr_ros-0.2.0-py3.10.egg-info/PKG-INFO
/home/user1/ROS2_Workspace/higgsros_ws/src/install/higgsr_ros/lib/python3.10/site-packages/higgsr_ros-0.2.0-py3.10.egg-info/dependency_links.txt
/home/user1/ROS2_Workspace/higgsros_ws/src/install/higgsr_ros/lib/python3.10/site-packages/higgsr_ros-0.2.0-py3.10.egg-info/entry_points.txt
/home/user1/ROS2_Workspace/higgsros_ws/src/install/higgsr_ros/bin/file_processor_client_node
/home/user1/ROS2_Workspace/higgsros_ws/src/install/higgsr_ros/bin/file_processor_node
/home/user1/ROS2_Workspace/higgsros_ws/src/install/higgsr_ros/bin/higgsr_server_node
/home/user1/ROS2_Workspace/higgsros_ws/src/install/higgsr_ros/bin/higgsr_visualization_node
/home/user1/ROS2_Workspace/higgsros_ws/src/install/higgsr_ros/bin/lidar_client_node
/home/user1/ROS2_Workspace/higgsros_ws/src/install/higgsr_ros/bin/test_higgsr_system
/home/user1/ROS2_Workspace/higgsros_ws/src/install/higgsr_ros/bin/test_rviz_visualization
