running egg_info
creating ../build/higgsr_ros/higgsr_ros.egg-info
writing ../build/higgsr_ros/higgsr_ros.egg-info/PKG-INFO
writing dependency_links to ../build/higgsr_ros/higgsr_ros.egg-info/dependency_links.txt
writing entry points to ../build/higgsr_ros/higgsr_ros.egg-info/entry_points.txt
writing requirements to ../build/higgsr_ros/higgsr_ros.egg-info/requires.txt
writing top-level names to ../build/higgsr_ros/higgsr_ros.egg-info/top_level.txt
writing manifest file '../build/higgsr_ros/higgsr_ros.egg-info/SOURCES.txt'
reading manifest file '../build/higgsr_ros/higgsr_ros.egg-info/SOURCES.txt'
writing manifest file '../build/higgsr_ros/higgsr_ros.egg-info/SOURCES.txt'
running build
running build_py
creating /home/user1/ROS2_Workspace/higgsros_ws/src/build/higgsr_ros/build/lib/higgsr_ros
copying higgsr_ros/__init__.py -> /home/user1/ROS2_Workspace/higgsros_ws/src/build/higgsr_ros/build/lib/higgsr_ros
creating /home/user1/ROS2_Workspace/higgsros_ws/src/build/higgsr_ros/build/lib/higgsr_ros/core
copying higgsr_ros/core/utils.py -> /home/user1/ROS2_Workspace/higgsros_ws/src/build/higgsr_ros/build/lib/higgsr_ros/core
copying higgsr_ros/core/__init__.py -> /home/user1/ROS2_Workspace/higgsros_ws/src/build/higgsr_ros/build/lib/higgsr_ros/core
copying higgsr_ros/core/registration.py -> /home/user1/ROS2_Workspace/higgsros_ws/src/build/higgsr_ros/build/lib/higgsr_ros/core
copying higgsr_ros/core/feature_extraction.py -> /home/user1/ROS2_Workspace/higgsros_ws/src/build/higgsr_ros/build/lib/higgsr_ros/core
creating /home/user1/ROS2_Workspace/higgsros_ws/src/build/higgsr_ros/build/lib/higgsr_ros/utils
copying higgsr_ros/utils/ros_utils.py -> /home/user1/ROS2_Workspace/higgsros_ws/src/build/higgsr_ros/build/lib/higgsr_ros/utils
copying higgsr_ros/utils/__init__.py -> /home/user1/ROS2_Workspace/higgsros_ws/src/build/higgsr_ros/build/lib/higgsr_ros/utils
creating /home/user1/ROS2_Workspace/higgsros_ws/src/build/higgsr_ros/build/lib/higgsr_ros/nodes
copying higgsr_ros/nodes/lidar_client_node.py -> /home/user1/ROS2_Workspace/higgsros_ws/src/build/higgsr_ros/build/lib/higgsr_ros/nodes
copying higgsr_ros/nodes/file_processor_node.py -> /home/user1/ROS2_Workspace/higgsros_ws/src/build/higgsr_ros/build/lib/higgsr_ros/nodes
copying higgsr_ros/nodes/file_processor_client_node.py -> /home/user1/ROS2_Workspace/higgsros_ws/src/build/higgsr_ros/build/lib/higgsr_ros/nodes
copying higgsr_ros/nodes/__init__.py -> /home/user1/ROS2_Workspace/higgsros_ws/src/build/higgsr_ros/build/lib/higgsr_ros/nodes
copying higgsr_ros/nodes/higgsr_server_node.py -> /home/user1/ROS2_Workspace/higgsros_ws/src/build/higgsr_ros/build/lib/higgsr_ros/nodes
creating /home/user1/ROS2_Workspace/higgsros_ws/src/build/higgsr_ros/build/lib/higgsr_ros/visualization
copying higgsr_ros/visualization/visualization.py -> /home/user1/ROS2_Workspace/higgsros_ws/src/build/higgsr_ros/build/lib/higgsr_ros/visualization
copying higgsr_ros/visualization/__init__.py -> /home/user1/ROS2_Workspace/higgsros_ws/src/build/higgsr_ros/build/lib/higgsr_ros/visualization
copying higgsr_ros/visualization/visualization_node.py -> /home/user1/ROS2_Workspace/higgsros_ws/src/build/higgsr_ros/build/lib/higgsr_ros/visualization
creating /home/user1/ROS2_Workspace/higgsros_ws/src/build/higgsr_ros/build/lib/higgsr_ros/scripts
copying higgsr_ros/scripts/test_rviz_visualization.py -> /home/user1/ROS2_Workspace/higgsros_ws/src/build/higgsr_ros/build/lib/higgsr_ros/scripts
copying higgsr_ros/scripts/__init__.py -> /home/user1/ROS2_Workspace/higgsros_ws/src/build/higgsr_ros/build/lib/higgsr_ros/scripts
copying higgsr_ros/scripts/test_higgsr_system.py -> /home/user1/ROS2_Workspace/higgsros_ws/src/build/higgsr_ros/build/lib/higgsr_ros/scripts
running install
running install_lib
creating /home/user1/ROS2_Workspace/higgsros_ws/src/install/higgsr_ros/lib/python3.10/site-packages/higgsr_ros
creating /home/user1/ROS2_Workspace/higgsros_ws/src/install/higgsr_ros/lib/python3.10/site-packages/higgsr_ros/core
copying /home/user1/ROS2_Workspace/higgsros_ws/src/build/higgsr_ros/build/lib/higgsr_ros/core/utils.py -> /home/user1/ROS2_Workspace/higgsros_ws/src/install/higgsr_ros/lib/python3.10/site-packages/higgsr_ros/core
copying /home/user1/ROS2_Workspace/higgsros_ws/src/build/higgsr_ros/build/lib/higgsr_ros/core/__init__.py -> /home/user1/ROS2_Workspace/higgsros_ws/src/install/higgsr_ros/lib/python3.10/site-packages/higgsr_ros/core
copying /home/user1/ROS2_Workspace/higgsros_ws/src/build/higgsr_ros/build/lib/higgsr_ros/core/registration.py -> /home/user1/ROS2_Workspace/higgsros_ws/src/install/higgsr_ros/lib/python3.10/site-packages/higgsr_ros/core
copying /home/user1/ROS2_Workspace/higgsros_ws/src/build/higgsr_ros/build/lib/higgsr_ros/core/feature_extraction.py -> /home/user1/ROS2_Workspace/higgsros_ws/src/install/higgsr_ros/lib/python3.10/site-packages/higgsr_ros/core
creating /home/user1/ROS2_Workspace/higgsros_ws/src/install/higgsr_ros/lib/python3.10/site-packages/higgsr_ros/nodes
copying /home/user1/ROS2_Workspace/higgsros_ws/src/build/higgsr_ros/build/lib/higgsr_ros/nodes/lidar_client_node.py -> /home/user1/ROS2_Workspace/higgsros_ws/src/install/higgsr_ros/lib/python3.10/site-packages/higgsr_ros/nodes
copying /home/user1/ROS2_Workspace/higgsros_ws/src/build/higgsr_ros/build/lib/higgsr_ros/nodes/file_processor_node.py -> /home/user1/ROS2_Workspace/higgsros_ws/src/install/higgsr_ros/lib/python3.10/site-packages/higgsr_ros/nodes
copying /home/user1/ROS2_Workspace/higgsros_ws/src/build/higgsr_ros/build/lib/higgsr_ros/nodes/file_processor_client_node.py -> /home/user1/ROS2_Workspace/higgsros_ws/src/install/higgsr_ros/lib/python3.10/site-packages/higgsr_ros/nodes
copying /home/user1/ROS2_Workspace/higgsros_ws/src/build/higgsr_ros/build/lib/higgsr_ros/nodes/__init__.py -> /home/user1/ROS2_Workspace/higgsros_ws/src/install/higgsr_ros/lib/python3.10/site-packages/higgsr_ros/nodes
copying /home/user1/ROS2_Workspace/higgsros_ws/src/build/higgsr_ros/build/lib/higgsr_ros/nodes/higgsr_server_node.py -> /home/user1/ROS2_Workspace/higgsros_ws/src/install/higgsr_ros/lib/python3.10/site-packages/higgsr_ros/nodes
creating /home/user1/ROS2_Workspace/higgsros_ws/src/install/higgsr_ros/lib/python3.10/site-packages/higgsr_ros/utils
copying /home/user1/ROS2_Workspace/higgsros_ws/src/build/higgsr_ros/build/lib/higgsr_ros/utils/ros_utils.py -> /home/user1/ROS2_Workspace/higgsros_ws/src/install/higgsr_ros/lib/python3.10/site-packages/higgsr_ros/utils
copying /home/user1/ROS2_Workspace/higgsros_ws/src/build/higgsr_ros/build/lib/higgsr_ros/utils/__init__.py -> /home/user1/ROS2_Workspace/higgsros_ws/src/install/higgsr_ros/lib/python3.10/site-packages/higgsr_ros/utils
copying /home/user1/ROS2_Workspace/higgsros_ws/src/build/higgsr_ros/build/lib/higgsr_ros/__init__.py -> /home/user1/ROS2_Workspace/higgsros_ws/src/install/higgsr_ros/lib/python3.10/site-packages/higgsr_ros
creating /home/user1/ROS2_Workspace/higgsros_ws/src/install/higgsr_ros/lib/python3.10/site-packages/higgsr_ros/visualization
copying /home/user1/ROS2_Workspace/higgsros_ws/src/build/higgsr_ros/build/lib/higgsr_ros/visualization/visualization.py -> /home/user1/ROS2_Workspace/higgsros_ws/src/install/higgsr_ros/lib/python3.10/site-packages/higgsr_ros/visualization
copying /home/user1/ROS2_Workspace/higgsros_ws/src/build/higgsr_ros/build/lib/higgsr_ros/visualization/__init__.py -> /home/user1/ROS2_Workspace/higgsros_ws/src/install/higgsr_ros/lib/python3.10/site-packages/higgsr_ros/visualization
copying /home/user1/ROS2_Workspace/higgsros_ws/src/build/higgsr_ros/build/lib/higgsr_ros/visualization/visualization_node.py -> /home/user1/ROS2_Workspace/higgsros_ws/src/install/higgsr_ros/lib/python3.10/site-packages/higgsr_ros/visualization
creating /home/user1/ROS2_Workspace/higgsros_ws/src/install/higgsr_ros/lib/python3.10/site-packages/higgsr_ros/scripts
copying /home/user1/ROS2_Workspace/higgsros_ws/src/build/higgsr_ros/build/lib/higgsr_ros/scripts/test_rviz_visualization.py -> /home/user1/ROS2_Workspace/higgsros_ws/src/install/higgsr_ros/lib/python3.10/site-packages/higgsr_ros/scripts
copying /home/user1/ROS2_Workspace/higgsros_ws/src/build/higgsr_ros/build/lib/higgsr_ros/scripts/__init__.py -> /home/user1/ROS2_Workspace/higgsros_ws/src/install/higgsr_ros/lib/python3.10/site-packages/higgsr_ros/scripts
copying /home/user1/ROS2_Workspace/higgsros_ws/src/build/higgsr_ros/build/lib/higgsr_ros/scripts/test_higgsr_system.py -> /home/user1/ROS2_Workspace/higgsros_ws/src/install/higgsr_ros/lib/python3.10/site-packages/higgsr_ros/scripts
byte-compiling /home/user1/ROS2_Workspace/higgsros_ws/src/install/higgsr_ros/lib/python3.10/site-packages/higgsr_ros/core/utils.py to utils.cpython-310.pyc
byte-compiling /home/user1/ROS2_Workspace/higgsros_ws/src/install/higgsr_ros/lib/python3.10/site-packages/higgsr_ros/core/__init__.py to __init__.cpython-310.pyc
byte-compiling /home/user1/ROS2_Workspace/higgsros_ws/src/install/higgsr_ros/lib/python3.10/site-packages/higgsr_ros/core/registration.py to registration.cpython-310.pyc
byte-compiling /home/user1/ROS2_Workspace/higgsros_ws/src/install/higgsr_ros/lib/python3.10/site-packages/higgsr_ros/core/feature_extraction.py to feature_extraction.cpython-310.pyc
byte-compiling /home/user1/ROS2_Workspace/higgsros_ws/src/install/higgsr_ros/lib/python3.10/site-packages/higgsr_ros/nodes/lidar_client_node.py to lidar_client_node.cpython-310.pyc
byte-compiling /home/user1/ROS2_Workspace/higgsros_ws/src/install/higgsr_ros/lib/python3.10/site-packages/higgsr_ros/nodes/file_processor_node.py to file_processor_node.cpython-310.pyc
byte-compiling /home/user1/ROS2_Workspace/higgsros_ws/src/install/higgsr_ros/lib/python3.10/site-packages/higgsr_ros/nodes/file_processor_client_node.py to file_processor_client_node.cpython-310.pyc
byte-compiling /home/user1/ROS2_Workspace/higgsros_ws/src/install/higgsr_ros/lib/python3.10/site-packages/higgsr_ros/nodes/__init__.py to __init__.cpython-310.pyc
byte-compiling /home/user1/ROS2_Workspace/higgsros_ws/src/install/higgsr_ros/lib/python3.10/site-packages/higgsr_ros/nodes/higgsr_server_node.py to higgsr_server_node.cpython-310.pyc
byte-compiling /home/user1/ROS2_Workspace/higgsros_ws/src/install/higgsr_ros/lib/python3.10/site-packages/higgsr_ros/utils/ros_utils.py to ros_utils.cpython-310.pyc
byte-compiling /home/user1/ROS2_Workspace/higgsros_ws/src/install/higgsr_ros/lib/python3.10/site-packages/higgsr_ros/utils/__init__.py to __init__.cpython-310.pyc
byte-compiling /home/user1/ROS2_Workspace/higgsros_ws/src/install/higgsr_ros/lib/python3.10/site-packages/higgsr_ros/__init__.py to __init__.cpython-310.pyc
byte-compiling /home/user1/ROS2_Workspace/higgsros_ws/src/install/higgsr_ros/lib/python3.10/site-packages/higgsr_ros/visualization/visualization.py to visualization.cpython-310.pyc
byte-compiling /home/user1/ROS2_Workspace/higgsros_ws/src/install/higgsr_ros/lib/python3.10/site-packages/higgsr_ros/visualization/__init__.py to __init__.cpython-310.pyc
byte-compiling /home/user1/ROS2_Workspace/higgsros_ws/src/install/higgsr_ros/lib/python3.10/site-packages/higgsr_ros/visualization/visualization_node.py to visualization_node.cpython-310.pyc
byte-compiling /home/user1/ROS2_Workspace/higgsros_ws/src/install/higgsr_ros/lib/python3.10/site-packages/higgsr_ros/scripts/test_rviz_visualization.py to test_rviz_visualization.cpython-310.pyc
byte-compiling /home/user1/ROS2_Workspace/higgsros_ws/src/install/higgsr_ros/lib/python3.10/site-packages/higgsr_ros/scripts/__init__.py to __init__.cpython-310.pyc
byte-compiling /home/user1/ROS2_Workspace/higgsros_ws/src/install/higgsr_ros/lib/python3.10/site-packages/higgsr_ros/scripts/test_higgsr_system.py to test_higgsr_system.cpython-310.pyc
running install_data
creating /home/user1/ROS2_Workspace/higgsros_ws/src/install/higgsr_ros/share/ament_index/resource_index/packages
copying resource/higgsr_ros -> /home/user1/ROS2_Workspace/higgsros_ws/src/install/higgsr_ros/share/ament_index/resource_index/packages
copying package.xml -> /home/user1/ROS2_Workspace/higgsros_ws/src/install/higgsr_ros/share/higgsr_ros
creating /home/user1/ROS2_Workspace/higgsros_ws/src/install/higgsr_ros/share/higgsr_ros/config
copying config/visualization_config.yaml -> /home/user1/ROS2_Workspace/higgsros_ws/src/install/higgsr_ros/share/higgsr_ros/config
copying config/higgsr_server_config.yaml -> /home/user1/ROS2_Workspace/higgsros_ws/src/install/higgsr_ros/share/higgsr_ros/config
copying config/file_processor_config.yaml -> /home/user1/ROS2_Workspace/higgsros_ws/src/install/higgsr_ros/share/higgsr_ros/config
copying config/lidar_client_config.yaml -> /home/user1/ROS2_Workspace/higgsros_ws/src/install/higgsr_ros/share/higgsr_ros/config
running install_egg_info
Copying ../build/higgsr_ros/higgsr_ros.egg-info to /home/user1/ROS2_Workspace/higgsros_ws/src/install/higgsr_ros/lib/python3.10/site-packages/higgsr_ros-0.2.0-py3.10.egg-info
running install_scripts
Installing file_processor_client_node script to /home/user1/ROS2_Workspace/higgsros_ws/src/install/higgsr_ros/bin
Installing file_processor_node script to /home/user1/ROS2_Workspace/higgsros_ws/src/install/higgsr_ros/bin
Installing higgsr_server_node script to /home/user1/ROS2_Workspace/higgsros_ws/src/install/higgsr_ros/bin
Installing higgsr_visualization_node script to /home/user1/ROS2_Workspace/higgsros_ws/src/install/higgsr_ros/bin
Installing lidar_client_node script to /home/user1/ROS2_Workspace/higgsros_ws/src/install/higgsr_ros/bin
Installing test_higgsr_system script to /home/user1/ROS2_Workspace/higgsros_ws/src/install/higgsr_ros/bin
Installing test_rviz_visualization script to /home/user1/ROS2_Workspace/higgsros_ws/src/install/higgsr_ros/bin
writing list of installed files to '/home/user1/ROS2_Workspace/higgsros_ws/src/build/higgsr_ros/install.log'
