[0.092s] DEBUG:colcon:Command line arguments: ['/usr/bin/colcon', 'build', '--packages-select', 'higgsr_ros']
[0.092s] DEBUG:colcon:Parsed command line arguments: Namespace(log_base=None, log_level=None, verb_name='build', build_base='build', install_base='install', merge_install=False, symlink_install=False, test_result_base=None, continue_on_error=False, executor='parallel', parallel_workers=16, event_handlers=None, ignore_user_meta=False, metas=['./colcon.meta'], base_paths=['.'], packages_ignore=None, packages_ignore_regex=None, paths=None, packages_up_to=None, packages_up_to_regex=None, packages_above=None, packages_above_and_dependencies=None, packages_above_depth=None, packages_select_by_dep=None, packages_skip_by_dep=None, packages_skip_up_to=None, packages_select_build_failed=False, packages_skip_build_finished=False, packages_select_test_failures=False, packages_skip_test_passed=False, packages_select=['higgsr_ros'], packages_skip=None, packages_select_regex=None, packages_skip_regex=None, packages_start=None, packages_end=None, allow_overriding=[], cmake_args=None, cmake_target=None, cmake_target_skip_unavailable=False, cmake_clean_cache=False, cmake_clean_first=False, cmake_force_configure=False, ament_cmake_args=None, catkin_cmake_args=None, catkin_skip_building_tests=False, mixin_files=None, mixin=None, verb_parser=<colcon_mixin.mixin.mixin_argument.MixinArgumentDecorator object at 0x7f1cd6ae4b80>, verb_extension=<colcon_core.verb.build.BuildVerb object at 0x7f1cd6bea0b0>, main=<bound method BuildVerb.main of <colcon_core.verb.build.BuildVerb object at 0x7f1cd6bea0b0>>, mixin_verb=('build',))
[0.124s] Level 1:colcon.colcon_core.package_discovery:discover_packages(colcon_meta) check parameters
[0.124s] Level 1:colcon.colcon_core.package_discovery:discover_packages(recursive) check parameters
[0.124s] Level 1:colcon.colcon_core.package_discovery:discover_packages(ignore) check parameters
[0.124s] Level 1:colcon.colcon_core.package_discovery:discover_packages(path) check parameters
[0.124s] Level 1:colcon.colcon_core.package_discovery:discover_packages(colcon_meta) discover
[0.124s] Level 1:colcon.colcon_core.package_discovery:discover_packages(recursive) discover
[0.124s] INFO:colcon.colcon_core.package_discovery:Crawling recursively for packages in '/home/user1/ROS2_Workspace/higgsros_ws/src'
[0.124s] Level 1:colcon.colcon_core.package_identification:_identify(.) by extensions ['ignore', 'ignore_ament_install']
[0.124s] Level 1:colcon.colcon_core.package_identification:_identify(.) by extension 'ignore'
[0.124s] Level 1:colcon.colcon_core.package_identification:_identify(.) by extension 'ignore_ament_install'
[0.124s] Level 1:colcon.colcon_core.package_identification:_identify(.) by extensions ['colcon_pkg']
[0.124s] Level 1:colcon.colcon_core.package_identification:_identify(.) by extension 'colcon_pkg'
[0.124s] Level 1:colcon.colcon_core.package_identification:_identify(.) by extensions ['colcon_meta']
[0.124s] Level 1:colcon.colcon_core.package_identification:_identify(.) by extension 'colcon_meta'
[0.124s] Level 1:colcon.colcon_core.package_identification:_identify(.) by extensions ['ros']
[0.124s] Level 1:colcon.colcon_core.package_identification:_identify(.) by extension 'ros'
[0.144s] Level 1:colcon.colcon_core.package_identification:_identify(.) by extensions ['cmake', 'python']
[0.144s] Level 1:colcon.colcon_core.package_identification:_identify(.) by extension 'cmake'
[0.144s] Level 1:colcon.colcon_core.package_identification:_identify(.) by extension 'python'
[0.144s] Level 1:colcon.colcon_core.package_identification:_identify(.) by extensions ['python_setup_py']
[0.144s] Level 1:colcon.colcon_core.package_identification:_identify(.) by extension 'python_setup_py'
[0.144s] Level 1:colcon.colcon_core.package_identification:_identify(HiGGSR) by extensions ['ignore', 'ignore_ament_install']
[0.144s] Level 1:colcon.colcon_core.package_identification:_identify(HiGGSR) by extension 'ignore'
[0.144s] Level 1:colcon.colcon_core.package_identification:_identify(HiGGSR) ignored
[0.144s] Level 1:colcon.colcon_core.package_identification:_identify(build) by extensions ['ignore', 'ignore_ament_install']
[0.144s] Level 1:colcon.colcon_core.package_identification:_identify(build) by extension 'ignore'
[0.144s] Level 1:colcon.colcon_core.package_identification:_identify(build) ignored
[0.144s] Level 1:colcon.colcon_core.package_identification:_identify(higgsr_interface) by extensions ['ignore', 'ignore_ament_install']
[0.144s] Level 1:colcon.colcon_core.package_identification:_identify(higgsr_interface) by extension 'ignore'
[0.144s] Level 1:colcon.colcon_core.package_identification:_identify(higgsr_interface) by extension 'ignore_ament_install'
[0.144s] Level 1:colcon.colcon_core.package_identification:_identify(higgsr_interface) by extensions ['colcon_pkg']
[0.144s] Level 1:colcon.colcon_core.package_identification:_identify(higgsr_interface) by extension 'colcon_pkg'
[0.145s] Level 1:colcon.colcon_core.package_identification:_identify(higgsr_interface) by extensions ['colcon_meta']
[0.145s] Level 1:colcon.colcon_core.package_identification:_identify(higgsr_interface) by extension 'colcon_meta'
[0.145s] Level 1:colcon.colcon_core.package_identification:_identify(higgsr_interface) by extensions ['ros']
[0.145s] Level 1:colcon.colcon_core.package_identification:_identify(higgsr_interface) by extension 'ros'
[0.147s] DEBUG:colcon.colcon_core.package_identification:Package 'higgsr_interface' with type 'ros.ament_cmake' and name 'higgsr_interface'
[0.147s] Level 1:colcon.colcon_core.package_identification:_identify(higgsr_ros) by extensions ['ignore', 'ignore_ament_install']
[0.147s] Level 1:colcon.colcon_core.package_identification:_identify(higgsr_ros) by extension 'ignore'
[0.147s] Level 1:colcon.colcon_core.package_identification:_identify(higgsr_ros) by extension 'ignore_ament_install'
[0.147s] Level 1:colcon.colcon_core.package_identification:_identify(higgsr_ros) by extensions ['colcon_pkg']
[0.147s] Level 1:colcon.colcon_core.package_identification:_identify(higgsr_ros) by extension 'colcon_pkg'
[0.147s] Level 1:colcon.colcon_core.package_identification:_identify(higgsr_ros) by extensions ['colcon_meta']
[0.147s] Level 1:colcon.colcon_core.package_identification:_identify(higgsr_ros) by extension 'colcon_meta'
[0.147s] Level 1:colcon.colcon_core.package_identification:_identify(higgsr_ros) by extensions ['ros']
[0.147s] Level 1:colcon.colcon_core.package_identification:_identify(higgsr_ros) by extension 'ros'
[0.148s] DEBUG:colcon.colcon_core.package_identification:Package 'higgsr_ros' with type 'ros.ament_python' and name 'higgsr_ros'
[0.148s] Level 1:colcon.colcon_core.package_identification:_identify(install) by extensions ['ignore', 'ignore_ament_install']
[0.148s] Level 1:colcon.colcon_core.package_identification:_identify(install) by extension 'ignore'
[0.148s] Level 1:colcon.colcon_core.package_identification:_identify(install) ignored
[0.148s] Level 1:colcon.colcon_core.package_identification:_identify(log) by extensions ['ignore', 'ignore_ament_install']
[0.148s] Level 1:colcon.colcon_core.package_identification:_identify(log) by extension 'ignore'
[0.148s] Level 1:colcon.colcon_core.package_identification:_identify(log) ignored
[0.148s] Level 1:colcon.colcon_core.package_discovery:discover_packages(recursive) using defaults
[0.148s] Level 1:colcon.colcon_core.package_discovery:discover_packages(ignore) discover
[0.148s] Level 1:colcon.colcon_core.package_discovery:discover_packages(ignore) using defaults
[0.148s] Level 1:colcon.colcon_core.package_discovery:discover_packages(path) discover
[0.148s] Level 1:colcon.colcon_core.package_discovery:discover_packages(path) using defaults
[0.164s] INFO:colcon.colcon_core.package_selection:Skipping not selected package 'higgsr_interface' in 'higgsr_interface'
[0.165s] Level 1:colcon.colcon_core.package_discovery:discover_packages(prefix_path) check parameters
[0.165s] Level 1:colcon.colcon_core.package_discovery:discover_packages(prefix_path) discover
[0.167s] DEBUG:colcon.colcon_installed_package_information.package_discovery:Found 2 installed packages in /home/user1/ROS2_Workspace/higgsros_ws/install
[0.167s] DEBUG:colcon.colcon_installed_package_information.package_discovery:Found 3 installed packages in /home/user1/ROS2_Workspace/ICP_ws/install
[0.168s] DEBUG:colcon.colcon_installed_package_information.package_discovery:Found 3 installed packages in /home/user1/ROS2_Workspace/GLIM_ws/install
[0.168s] DEBUG:colcon.colcon_installed_package_information.package_discovery:Found 2 installed packages in /home/user1/ROS2_Workspace/ouster_ws/install
[0.168s] DEBUG:colcon.colcon_installed_package_information.package_discovery:Found 21 installed packages in /home/user1/ROS2_Workspace/ros2_ws/install
[0.170s] DEBUG:colcon.colcon_installed_package_information.package_discovery:Found 289 installed packages in /opt/ros/humble
[0.170s] Level 1:colcon.colcon_core.package_discovery:discover_packages(prefix_path) using defaults
[0.209s] Level 5:colcon.colcon_core.verb:set package 'higgsr_ros' build argument 'cmake_args' from command line to 'None'
[0.209s] Level 5:colcon.colcon_core.verb:set package 'higgsr_ros' build argument 'cmake_target' from command line to 'None'
[0.209s] Level 5:colcon.colcon_core.verb:set package 'higgsr_ros' build argument 'cmake_target_skip_unavailable' from command line to 'False'
[0.209s] Level 5:colcon.colcon_core.verb:set package 'higgsr_ros' build argument 'cmake_clean_cache' from command line to 'False'
[0.209s] Level 5:colcon.colcon_core.verb:set package 'higgsr_ros' build argument 'cmake_clean_first' from command line to 'False'
[0.209s] Level 5:colcon.colcon_core.verb:set package 'higgsr_ros' build argument 'cmake_force_configure' from command line to 'False'
[0.210s] Level 5:colcon.colcon_core.verb:set package 'higgsr_ros' build argument 'ament_cmake_args' from command line to 'None'
[0.210s] Level 5:colcon.colcon_core.verb:set package 'higgsr_ros' build argument 'catkin_cmake_args' from command line to 'None'
[0.210s] Level 5:colcon.colcon_core.verb:set package 'higgsr_ros' build argument 'catkin_skip_building_tests' from command line to 'False'
[0.210s] DEBUG:colcon.colcon_core.verb:Building package 'higgsr_ros' with the following arguments: {'ament_cmake_args': None, 'build_base': '/home/user1/ROS2_Workspace/higgsros_ws/src/build/higgsr_ros', 'catkin_cmake_args': None, 'catkin_skip_building_tests': False, 'cmake_args': None, 'cmake_clean_cache': False, 'cmake_clean_first': False, 'cmake_force_configure': False, 'cmake_target': None, 'cmake_target_skip_unavailable': False, 'install_base': '/home/user1/ROS2_Workspace/higgsros_ws/src/install/higgsr_ros', 'merge_install': False, 'path': '/home/user1/ROS2_Workspace/higgsros_ws/src/higgsr_ros', 'symlink_install': False, 'test_result_base': None}
[0.210s] INFO:colcon.colcon_core.executor:Executing jobs using 'parallel' executor
[0.211s] DEBUG:colcon.colcon_parallel_executor.executor.parallel:run_until_complete
[0.211s] INFO:colcon.colcon_ros.task.ament_python.build:Building ROS package in '/home/user1/ROS2_Workspace/higgsros_ws/src/higgsr_ros' with build type 'ament_python'
[0.211s] Level 1:colcon.colcon_core.shell:create_environment_hook('higgsr_ros', 'ament_prefix_path')
[0.213s] INFO:colcon.colcon_core.plugin_system:Skipping extension 'colcon_core.shell.bat': Not used on non-Windows systems
[0.213s] INFO:colcon.colcon_core.shell:Creating environment hook '/home/user1/ROS2_Workspace/higgsros_ws/src/install/higgsr_ros/share/higgsr_ros/hook/ament_prefix_path.ps1'
[0.214s] INFO:colcon.colcon_core.shell:Creating environment descriptor '/home/user1/ROS2_Workspace/higgsros_ws/src/install/higgsr_ros/share/higgsr_ros/hook/ament_prefix_path.dsv'
[0.214s] INFO:colcon.colcon_core.shell:Creating environment hook '/home/user1/ROS2_Workspace/higgsros_ws/src/install/higgsr_ros/share/higgsr_ros/hook/ament_prefix_path.sh'
[0.215s] INFO:colcon.colcon_core.shell:Skip shell extension 'powershell' for command environment: Not usable outside of PowerShell
[0.215s] DEBUG:colcon.colcon_core.shell:Skip shell extension 'dsv' for command environment
[0.218s] WARNING:colcon.colcon_core.shell:The following packages are in the workspace but haven't been built:
- higgsr_interface
They are being used from the following locations instead:
- /home/user1/ROS2_Workspace/higgsros_ws/install/higgsr_interface
To suppress this warning ignore these packages in the workspace:
--packages-ignore higgsr_interface
[0.410s] INFO:colcon.colcon_core.task.python.build:Building Python package in '/home/user1/ROS2_Workspace/higgsros_ws/src/higgsr_ros'
[0.410s] INFO:colcon.colcon_core.shell:Skip shell extension 'powershell' for command environment: Not usable outside of PowerShell
[0.410s] DEBUG:colcon.colcon_core.shell:Skip shell extension 'dsv' for command environment
[0.893s] DEBUG:colcon.colcon_core.event_handler.log_command:Invoking command in '/home/user1/ROS2_Workspace/higgsros_ws/src/higgsr_ros': PS1=(.venv) %m%# PYTHONPATH=/home/user1/ROS2_Workspace/higgsros_ws/src/build/higgsr_ros/prefix_override:/usr/lib/python3/dist-packages/colcon_core/task/python/colcon_distutils_commands:/home/user1/ROS2_Workspace/higgsros_ws/src/install/higgsr_ros/lib/python3.10/site-packages:${PYTHONPATH} VIRTUAL_ENV_PROMPT=(.venv) /usr/bin/python3 -W ignore:setup.py install is deprecated -W ignore:easy_install command is deprecated setup.py egg_info --egg-base ../build/higgsr_ros build --build-base /home/user1/ROS2_Workspace/higgsros_ws/src/build/higgsr_ros/build install --record /home/user1/ROS2_Workspace/higgsros_ws/src/build/higgsr_ros/install.log --single-version-externally-managed install_data
[1.390s] DEBUG:colcon.colcon_core.event_handler.log_command:Invoked command in '/home/user1/ROS2_Workspace/higgsros_ws/src/higgsr_ros' returned '0': PS1=(.venv) %m%# PYTHONPATH=/home/user1/ROS2_Workspace/higgsros_ws/src/build/higgsr_ros/prefix_override:/usr/lib/python3/dist-packages/colcon_core/task/python/colcon_distutils_commands:/home/user1/ROS2_Workspace/higgsros_ws/src/install/higgsr_ros/lib/python3.10/site-packages:${PYTHONPATH} VIRTUAL_ENV_PROMPT=(.venv) /usr/bin/python3 -W ignore:setup.py install is deprecated -W ignore:easy_install command is deprecated setup.py egg_info --egg-base ../build/higgsr_ros build --build-base /home/user1/ROS2_Workspace/higgsros_ws/src/build/higgsr_ros/build install --record /home/user1/ROS2_Workspace/higgsros_ws/src/build/higgsr_ros/install.log --single-version-externally-managed install_data
[1.392s] Level 1:colcon.colcon_core.environment:checking '/home/user1/ROS2_Workspace/higgsros_ws/src/install/higgsr_ros' for CMake module files
[1.392s] Level 1:colcon.colcon_core.environment:checking '/home/user1/ROS2_Workspace/higgsros_ws/src/install/higgsr_ros' for CMake config files
[1.393s] Level 1:colcon.colcon_core.environment:checking '/home/user1/ROS2_Workspace/higgsros_ws/src/install/higgsr_ros/lib'
[1.393s] Level 1:colcon.colcon_core.environment:checking '/home/user1/ROS2_Workspace/higgsros_ws/src/install/higgsr_ros/bin'
[1.393s] Level 1:colcon.colcon_core.shell:create_environment_hook('higgsr_ros', 'path')
[1.393s] INFO:colcon.colcon_core.shell:Creating environment hook '/home/user1/ROS2_Workspace/higgsros_ws/src/install/higgsr_ros/share/higgsr_ros/hook/path.ps1'
[1.393s] INFO:colcon.colcon_core.shell:Creating environment descriptor '/home/user1/ROS2_Workspace/higgsros_ws/src/install/higgsr_ros/share/higgsr_ros/hook/path.dsv'
[1.394s] INFO:colcon.colcon_core.shell:Creating environment hook '/home/user1/ROS2_Workspace/higgsros_ws/src/install/higgsr_ros/share/higgsr_ros/hook/path.sh'
[1.394s] Level 1:colcon.colcon_core.environment:checking '/home/user1/ROS2_Workspace/higgsros_ws/src/install/higgsr_ros/lib/pkgconfig/higgsr_ros.pc'
[1.394s] Level 1:colcon.colcon_core.environment:checking '/home/user1/ROS2_Workspace/higgsros_ws/src/install/higgsr_ros/lib/python3.10/site-packages'
[1.394s] Level 1:colcon.colcon_core.shell:create_environment_hook('higgsr_ros', 'pythonpath')
[1.394s] INFO:colcon.colcon_core.shell:Creating environment hook '/home/user1/ROS2_Workspace/higgsros_ws/src/install/higgsr_ros/share/higgsr_ros/hook/pythonpath.ps1'
[1.395s] INFO:colcon.colcon_core.shell:Creating environment descriptor '/home/user1/ROS2_Workspace/higgsros_ws/src/install/higgsr_ros/share/higgsr_ros/hook/pythonpath.dsv'
[1.395s] INFO:colcon.colcon_core.shell:Creating environment hook '/home/user1/ROS2_Workspace/higgsros_ws/src/install/higgsr_ros/share/higgsr_ros/hook/pythonpath.sh'
[1.395s] Level 1:colcon.colcon_core.environment:checking '/home/user1/ROS2_Workspace/higgsros_ws/src/install/higgsr_ros/bin'
[1.395s] Level 1:colcon.colcon_core.shell:create_environment_hook('higgsr_ros', 'pythonscriptspath')
[1.395s] INFO:colcon.colcon_core.shell:Creating environment hook '/home/user1/ROS2_Workspace/higgsros_ws/src/install/higgsr_ros/share/higgsr_ros/hook/pythonscriptspath.ps1'
[1.395s] INFO:colcon.colcon_core.shell:Creating environment descriptor '/home/user1/ROS2_Workspace/higgsros_ws/src/install/higgsr_ros/share/higgsr_ros/hook/pythonscriptspath.dsv'
[1.396s] INFO:colcon.colcon_core.shell:Creating environment hook '/home/user1/ROS2_Workspace/higgsros_ws/src/install/higgsr_ros/share/higgsr_ros/hook/pythonscriptspath.sh'
[1.396s] Level 1:colcon.colcon_core.environment:create_environment_scripts_only(higgsr_ros)
[1.396s] INFO:colcon.colcon_core.shell:Creating package script '/home/user1/ROS2_Workspace/higgsros_ws/src/install/higgsr_ros/share/higgsr_ros/package.ps1'
[1.397s] INFO:colcon.colcon_core.shell:Creating package descriptor '/home/user1/ROS2_Workspace/higgsros_ws/src/install/higgsr_ros/share/higgsr_ros/package.dsv'
[1.397s] INFO:colcon.colcon_core.shell:Creating package script '/home/user1/ROS2_Workspace/higgsros_ws/src/install/higgsr_ros/share/higgsr_ros/package.sh'
[1.398s] INFO:colcon.colcon_core.shell:Creating package script '/home/user1/ROS2_Workspace/higgsros_ws/src/install/higgsr_ros/share/higgsr_ros/package.bash'
[1.398s] INFO:colcon.colcon_core.shell:Creating package script '/home/user1/ROS2_Workspace/higgsros_ws/src/install/higgsr_ros/share/higgsr_ros/package.zsh'
[1.398s] Level 1:colcon.colcon_core.environment:create_file_with_runtime_dependencies(/home/user1/ROS2_Workspace/higgsros_ws/src/install/higgsr_ros/share/colcon-core/packages/higgsr_ros)
[1.399s] DEBUG:colcon.colcon_parallel_executor.executor.parallel:closing loop
[1.399s] DEBUG:colcon.colcon_parallel_executor.executor.parallel:loop closed
[1.399s] DEBUG:colcon.colcon_parallel_executor.executor.parallel:run_until_complete finished with '0'
[1.399s] DEBUG:colcon.colcon_core.event_reactor:joining thread
[1.404s] INFO:colcon.colcon_core.plugin_system:Skipping extension 'colcon_notification.desktop_notification.terminal_notifier': Not used on non-Darwin systems
[1.404s] INFO:colcon.colcon_core.plugin_system:Skipping extension 'colcon_notification.desktop_notification.win32': Not used on non-Windows systems
[1.404s] INFO:colcon.colcon_notification.desktop_notification:Sending desktop notification using 'notify2'
[1.414s] DEBUG:colcon.colcon_core.event_reactor:joined thread
[1.415s] INFO:colcon.colcon_core.shell:Creating prefix script '/home/user1/ROS2_Workspace/higgsros_ws/src/install/local_setup.ps1'
[1.416s] INFO:colcon.colcon_core.shell:Creating prefix util module '/home/user1/ROS2_Workspace/higgsros_ws/src/install/_local_setup_util_ps1.py'
[1.416s] INFO:colcon.colcon_core.shell:Creating prefix chain script '/home/user1/ROS2_Workspace/higgsros_ws/src/install/setup.ps1'
[1.418s] INFO:colcon.colcon_core.shell:Creating prefix script '/home/user1/ROS2_Workspace/higgsros_ws/src/install/local_setup.sh'
[1.418s] INFO:colcon.colcon_core.shell:Creating prefix util module '/home/user1/ROS2_Workspace/higgsros_ws/src/install/_local_setup_util_sh.py'
[1.419s] INFO:colcon.colcon_core.shell:Creating prefix chain script '/home/user1/ROS2_Workspace/higgsros_ws/src/install/setup.sh'
[1.420s] INFO:colcon.colcon_core.shell:Creating prefix script '/home/user1/ROS2_Workspace/higgsros_ws/src/install/local_setup.bash'
[1.421s] INFO:colcon.colcon_core.shell:Creating prefix chain script '/home/user1/ROS2_Workspace/higgsros_ws/src/install/setup.bash'
[1.422s] INFO:colcon.colcon_core.shell:Creating prefix script '/home/user1/ROS2_Workspace/higgsros_ws/src/install/local_setup.zsh'
[1.422s] INFO:colcon.colcon_core.shell:Creating prefix chain script '/home/user1/ROS2_Workspace/higgsros_ws/src/install/setup.zsh'
